<?xml version="1.0" encoding="UTF-8"?>
<beans xmlns="http://www.springframework.org/schema/beans"
       xmlns:xsi="http://www.w3.org/2001/XMLSchema-instance"
       xsi:schemaLocation="http://www.springframework.org/schema/beans
						http://www.springframework.org/schema/beans/spring-beans-3.0.xsd">

    <bean id="dataSource" class="org.springframework.jdbc.datasource.SimpleDriverDataSource">
        <property name="driverClass" value="com.mysql.jdbc.Driver" />
        <property name="url" value="jdbc:mysql://lizcalendal-mysql.canpeabsn7mi.ap-northeast-2.rds.amazonaws.com:3306/spring_study" />
        <property name="username" value="kylelovelizzy" />
        <property name="password" value="kylelovelizzy" />
    </bean>

   <bean id="userService" class="com.spring.tobysrpingframework.user.service.UserService">
      <property name="userDao" ref="userDao"/>
      <property name="transactionManager" ref="transactionManager" />
   </bean>

    <bean id="userDao" class="com.spring.tobysrpingframework.user.dao.UserDaoJdbc">
        <property name="dataSource" ref="dataSource" />
    </bean>

    <bean id="transactionManager"
            class="org.springframework.jdbc.datasource.DataSourceTransactionManager">
        <property name="dataSource" ref="dataSource" />
    </bean>

</beans>
